# JRE version: OpenJDK Runtime Environment GraalVM CE 23.0.2+7.1 (23.0.2+7) (build 23.0.2+7-jvmci-b01)
# Java VM: OpenJDK 64-Bit Server VM GraalVM CE 23.0.2+7.1 (23.0.2+7-jvmci-b01, mixed mode, sharing, tiered, jvmci, jvmci compiler, compressed oops, compressed class ptrs, g1 gc, windows-amd64)
GC Precious Log:
 CardTable entry size: 512
 Card Set container configuration: InlinePtr #cards 4 size 8 Array Of Cards #cards 16 size 48 Howl #buckets 8 coarsen threshold 3686 Howl Bitmap #cards 512 size 80 coarsen threshold 460 Card regions per heap region 1 cards per card region 4096
 CPUs: 6 total, 6 available
 Memory: 16383M
 Large Page Support: Disabled
 NUMA Support: Disabled
 Compressed Oops: Enabled (Zero based)
 Heap Region Size: 2M
 Heap Min Capacity: 8M
 Heap Initial Capacity: 256M
 Heap Max Capacity: 4G
 Pre-touch: Disabled
 Parallel Workers: 6
 Concurrent Workers: 2
 Concurrent Refinement Workers: 6
 Periodic GC: Disabled
Heap:
 garbage-first heap   total reserved 4194304K, committed 350208K, used 173264K [0x0000000700000000, 0x0000000800000000)
  region size 2048K, 7 young (14336K), 7 survivors (14336K)
 Metaspace       used 28647K, committed 29184K, reserved 1114112K
  class space    used 3074K, committed 3328K, reserved 1048576K
GC Heap History (20 events):
Event: 21.547 GC heap after
{Heap after GC invocations=34 (full 0):
 garbage-first heap   total reserved 4194304K, committed 290816K, used 130899K [0x0000000700000000, 0x0000000800000000)
  region size 2048K, 5 young (10240K), 5 survivors (10240K)
 Metaspace       used 28647K, committed 29184K, reserved 1114112K
  class space    used 3074K, committed 3328K, reserved 1048576K
}
Event: 22.497 GC heap before
{Heap before GC invocations=34 (full 0):
 garbage-first heap   total reserved 4194304K, committed 290816K, used 261971K [0x0000000700000000, 0x0000000800000000)
  region size 2048K, 69 young (141312K), 5 survivors (10240K)
 Metaspace       used 28647K, committed 29184K, reserved 1114112K
  class space    used 3074K, committed 3328K, reserved 1048576K
}
Event: 22.505 GC heap after
{Heap after GC invocations=35 (full 0):
 garbage-first heap   total reserved 4194304K, committed 290816K, used 136030K [0x0000000700000000, 0x0000000800000000)
  region size 2048K, 7 young (14336K), 7 survivors (14336K)
 Metaspace       used 28647K, committed 29184K, reserved 1114112K
  class space    used 3074K, committed 3328K, reserved 1048576K
}
Event: 23.314 GC heap before
{Heap before GC invocations=35 (full 0):
 garbage-first heap   total reserved 4194304K, committed 290816K, used 258910K [0x0000000700000000, 0x0000000800000000)
  region size 2048K, 67 young (137216K), 7 survivors (14336K)
 Metaspace       used 28647K, committed 29184K, reserved 1114112K
  class space    used 3074K, committed 3328K, reserved 1048576K
}
Event: 23.327 GC heap after
{Heap after GC invocations=36 (full 0):
 garbage-first heap   total reserved 4194304K, committed 290816K, used 139579K [0x0000000700000000, 0x0000000800000000)
  region size 2048K, 5 young (10240K), 5 survivors (10240K)
 Metaspace       used 28647K, committed 29184K, reserved 1114112K
  class space    used 3074K, committed 3328K, reserved 1048576K
}
Event: 24.311 GC heap before
{Heap before GC invocations=36 (full 0):
 garbage-first heap   total reserved 4194304K, committed 290816K, used 262459K [0x0000000700000000, 0x0000000800000000)
  region size 2048K, 65 young (133120K), 5 survivors (10240K)
 Metaspace       used 28647K, committed 29184K, reserved 1114112K
  class space    used 3074K, committed 3328K, reserved 1048576K
}
Event: 24.318 GC heap after
{Heap after GC invocations=37 (full 0):
 garbage-first heap   total reserved 4194304K, committed 290816K, used 143121K [0x0000000700000000, 0x0000000800000000)
  region size 2048K, 7 young (14336K), 7 survivors (14336K)
 Metaspace       used 28647K, committed 29184K, reserved 1114112K
  class space    used 3074K, committed 3328K, reserved 1048576K
}
Event: 25.179 GC heap before
{Heap before GC invocations=38 (full 0):
 garbage-first heap   total reserved 4194304K, committed 290816K, used 257809K [0x0000000700000000, 0x0000000800000000)
  region size 2048K, 63 young (129024K), 7 survivors (14336K)
 Metaspace       used 28647K, committed 29184K, reserved 1114112K
  class space    used 3074K, committed 3328K, reserved 1048576K
}
Event: 25.188 GC heap after
{Heap after GC invocations=39 (full 0):
 garbage-first heap   total reserved 4194304K, committed 290816K, used 146555K [0x0000000700000000, 0x0000000800000000)
  region size 2048K, 6 young (12288K), 6 survivors (12288K)
 Metaspace       used 28647K, committed 29184K, reserved 1114112K
  class space    used 3074K, committed 3328K, reserved 1048576K
}
Event: 25.837 GC heap before
{Heap before GC invocations=39 (full 0):
 garbage-first heap   total reserved 4194304K, committed 290816K, used 261243K [0x0000000700000000, 0x0000000800000000)
  region size 2048K, 61 young (124928K), 6 survivors (12288K)
 Metaspace       used 28647K, committed 29184K, reserved 1114112K
  class space    used 3074K, committed 3328K, reserved 1048576K
}
Event: 25.846 GC heap after
{Heap after GC invocations=40 (full 0):
 garbage-first heap   total reserved 4194304K, committed 350208K, used 150934K [0x0000000700000000, 0x0000000800000000)
  region size 2048K, 6 young (12288K), 6 survivors (12288K)
 Metaspace       used 28647K, committed 29184K, reserved 1114112K
  class space    used 3074K, committed 3328K, reserved 1048576K
}
Event: 26.576 GC heap before
{Heap before GC invocations=40 (full 0):
 garbage-first heap   total reserved 4194304K, committed 350208K, used 314774K [0x0000000700000000, 0x0000000800000000)
  region size 2048K, 86 young (176128K), 6 survivors (12288K)
 Metaspace       used 28647K, committed 29184K, reserved 1114112K
  class space    used 3074K, committed 3328K, reserved 1048576K
}
Event: 26.585 GC heap after
{Heap after GC invocations=41 (full 0):
 garbage-first heap   total reserved 4194304K, committed 350208K, used 154714K [0x0000000700000000, 0x0000000800000000)
  region size 2048K, 7 young (14336K), 7 survivors (14336K)
 Metaspace       used 28647K, committed 29184K, reserved 1114112K
  class space    used 3074K, committed 3328K, reserved 1048576K
}
Event: 27.144 GC heap before
{Heap before GC invocations=41 (full 0):
 garbage-first heap   total reserved 4194304K, committed 350208K, used 310362K [0x0000000700000000, 0x0000000800000000)
  region size 2048K, 83 young (169984K), 7 survivors (14336K)
 Metaspace       used 28647K, committed 29184K, reserved 1114112K
  class space    used 3074K, committed 3328K, reserved 1048576K
}
Event: 27.155 GC heap after
{Heap after GC invocations=42 (full 0):
 garbage-first heap   total reserved 4194304K, committed 350208K, used 159296K [0x0000000700000000, 0x0000000800000000)
  region size 2048K, 8 young (16384K), 8 survivors (16384K)
 Metaspace       used 28647K, committed 29184K, reserved 1114112K
  class space    used 3074K, committed 3328K, reserved 1048576K
}
Event: 27.913 GC heap before
{Heap before GC invocations=42 (full 0):
 garbage-first heap   total reserved 4194304K, committed 350208K, used 312896K [0x0000000700000000, 0x0000000800000000)
  region size 2048K, 83 young (169984K), 8 survivors (16384K)
 Metaspace       used 28647K, committed 29184K, reserved 1114112K
  class space    used 3074K, committed 3328K, reserved 1048576K
}
Event: 27.924 GC heap after
{Heap after GC invocations=43 (full 0):
 garbage-first heap   total reserved 4194304K, committed 350208K, used 162928K [0x0000000700000000, 0x0000000800000000)
  region size 2048K, 7 young (14336K), 7 survivors (14336K)
 Metaspace       used 28647K, committed 29184K, reserved 1114112K
  class space    used 3074K, committed 3328K, reserved 1048576K
}
Event: 28.902 GC heap before
{Heap before GC invocations=43 (full 0):
 garbage-first heap   total reserved 4194304K, committed 350208K, used 312432K [0x0000000700000000, 0x0000000800000000)
  region size 2048K, 80 young (163840K), 7 survivors (14336K)
 Metaspace       used 28647K, committed 29184K, reserved 1114112K
  class space    used 3074K, committed 3328K, reserved 1048576K
}
Event: 28.916 GC heap after
{Heap after GC invocations=44 (full 0):
 garbage-first heap   total reserved 4194304K, committed 350208K, used 167083K [0x0000000700000000, 0x0000000800000000)
  region size 2048K, 6 young (12288K), 6 survivors (12288K)
 Metaspace       used 28647K, committed 29184K, reserved 1114112K
  class space    used 3074K, committed 3328K, reserved 1048576K
}
Event: 29.908 GC heap before
{Heap before GC invocations=44 (full 0):
 garbage-first heap   total reserved 4194304K, committed 350208K, used 316587K [0x0000000700000000, 0x0000000800000000)
  region size 2048K, 79 young (161792K), 6 survivors (12288K)
 Metaspace       used 28647K, committed 29184K, reserved 1114112K
  class space    used 3074K, committed 3328K, reserved 1048576K
}

